# JRE version: Java(TM) SE Runtime Environment (8.0_241-b07) (build 1.8.0_241-b07)
# Java VM: Java HotSpot(TM) 64-Bit Server VM (25.241-b07 mixed mode windows-amd64 compressed oops)
Heap:
 PSYoungGen      total 266240K, used 23730K [0x000000076d900000, 0x000000077e700000, 0x00000007c0000000)
  eden space 256000K, 5% used [0x000000076d900000,0x000000076e62e850,0x000000077d300000)
  from space 10240K, 99% used [0x000000077dd00000,0x000000077e6fe030,0x000000077e700000)
  to   space 10240K, 0% used [0x000000077d300000,0x000000077d300000,0x000000077dd00000)
 ParOldGen       total 169472K, used 17616K [0x00000006c8a00000, 0x00000006d2f80000, 0x000000076d900000)
  object space 169472K, 10% used [0x00000006c8a00000,0x00000006c9b34078,0x00000006d2f80000)
 Metaspace       used 20335K, capacity 20772K, committed 20992K, reserved 1067008K
  class space    used 2413K, capacity 2545K, committed 2560K, reserved 1048576K
GC Heap History (8 events):
Event: 2.073 GC heap before
{Heap before GC invocations=1 (full 0):
 PSYoungGen      total 74240K, used 64000K [0x000000076d900000, 0x0000000772b80000, 0x00000007c0000000)
  eden space 64000K, 100% used [0x000000076d900000,0x0000000771780000,0x0000000771780000)
  from space 10240K, 0% used [0x0000000772180000,0x0000000772180000,0x0000000772b80000)
  to   space 10240K, 0% used [0x0000000771780000,0x0000000771780000,0x0000000772180000)
 ParOldGen       total 169472K, used 0K [0x00000006c8a00000, 0x00000006d2f80000, 0x000000076d900000)
  object space 169472K, 0% used [0x00000006c8a00000,0x00000006c8a00000,0x00000006d2f80000)
 Metaspace       used 11004K, capacity 11224K, committed 11520K, reserved 1058816K
  class space    used 1402K, capacity 1481K, committed 1536K, reserved 1048576K
Event: 2.168 GC heap after
Heap after GC invocations=1 (full 0):
 PSYoungGen      total 74240K, used 8899K [0x000000076d900000, 0x0000000776a00000, 0x00000007c0000000)
  eden space 64000K, 0% used [0x000000076d900000,0x000000076d900000,0x0000000771780000)
  from space 10240K, 86% used [0x0000000771780000,0x0000000772030e50,0x0000000772180000)
  to   space 10240K, 0% used [0x0000000776000000,0x0000000776000000,0x0000000776a00000)
 ParOldGen       total 169472K, used 8K [0x00000006c8a00000, 0x00000006d2f80000, 0x000000076d900000)
  object space 169472K, 0% used [0x00000006c8a00000,0x00000006c8a02000,0x00000006d2f80000)
 Metaspace       used 11004K, capacity 11224K, committed 11520K, reserved 1058816K
  class space    used 1402K, capacity 1481K, committed 1536K, reserved 1048576K
}
Event: 4.145 GC heap before
{Heap before GC invocations=2 (full 0):
 PSYoungGen      total 74240K, used 72899K [0x000000076d900000, 0x0000000776a00000, 0x00000007c0000000)
  eden space 64000K, 100% used [0x000000076d900000,0x0000000771780000,0x0000000771780000)
  from space 10240K, 86% used [0x0000000771780000,0x0000000772030e50,0x0000000772180000)
  to   space 10240K, 0% used [0x0000000776000000,0x0000000776000000,0x0000000776a00000)
 ParOldGen       total 169472K, used 8K [0x00000006c8a00000, 0x00000006d2f80000, 0x000000076d900000)
  object space 169472K, 0% used [0x00000006c8a00000,0x00000006c8a02000,0x00000006d2f80000)
 Metaspace       used 13617K, capacity 13862K, committed 14080K, reserved 1060864K
  class space    used 1691K, capacity 1776K, committed 1792K, reserved 1048576K
Event: 4.191 GC heap after
Heap after GC invocations=2 (full 0):
 PSYoungGen      total 138240K, used 7057K [0x000000076d900000, 0x0000000776a00000, 0x00000007c0000000)
  eden space 128000K, 0% used [0x000000076d900000,0x000000076d900000,0x0000000775600000)
  from space 10240K, 68% used [0x0000000776000000,0x00000007766e4668,0x0000000776a00000)
  to   space 10240K, 0% used [0x0000000775600000,0x0000000775600000,0x0000000776000000)
 ParOldGen       total 169472K, used 16K [0x00000006c8a00000, 0x00000006d2f80000, 0x000000076d900000)
  object space 169472K, 0% used [0x00000006c8a00000,0x00000006c8a04000,0x00000006d2f80000)
 Metaspace       used 13617K, capacity 13862K, committed 14080K, reserved 1060864K
  class space    used 1691K, capacity 1776K, committed 1792K, reserved 1048576K
}
Event: 6.260 GC heap before
{Heap before GC invocations=3 (full 0):
 PSYoungGen      total 138240K, used 135057K [0x000000076d900000, 0x0000000776a00000, 0x00000007c0000000)
  eden space 128000K, 100% used [0x000000076d900000,0x0000000775600000,0x0000000775600000)
  from space 10240K, 68% used [0x0000000776000000,0x00000007766e4668,0x0000000776a00000)
  to   space 10240K, 0% used [0x0000000775600000,0x0000000775600000,0x0000000776000000)
 ParOldGen       total 169472K, used 16K [0x00000006c8a00000, 0x00000006d2f80000, 0x000000076d900000)
  object space 169472K, 0% used [0x00000006c8a00000,0x00000006c8a04000,0x00000006d2f80000)
 Metaspace       used 14323K, capacity 14576K, committed 14976K, reserved 1062912K
  class space    used 1730K, capacity 1815K, committed 1920K, reserved 1048576K
Event: 6.337 GC heap after
Heap after GC invocations=3 (full 0):
 PSYoungGen      total 138240K, used 10232K [0x000000076d900000, 0x000000077e700000, 0x00000007c0000000)
  eden space 128000K, 0% used [0x000000076d900000,0x000000076d900000,0x0000000775600000)
  from space 10240K, 99% used [0x0000000775600000,0x0000000775ffe050,0x0000000776000000)
  to   space 10240K, 0% used [0x000000077dd00000,0x000000077dd00000,0x000000077e700000)
 ParOldGen       total 169472K, used 5175K [0x00000006c8a00000, 0x00000006d2f80000, 0x000000076d900000)
  object space 169472K, 3% used [0x00000006c8a00000,0x00000006c8f0dfd0,0x00000006d2f80000)
 Metaspace       used 14323K, capacity 14576K, committed 14976K, reserved 1062912K
  class space    used 1730K, capacity 1815K, committed 1920K, reserved 1048576K
}
Event: 7.556 GC heap before
{Heap before GC invocations=4 (full 0):
 PSYoungGen      total 138240K, used 138232K [0x000000076d900000, 0x000000077e700000, 0x00000007c0000000)
  eden space 128000K, 100% used [0x000000076d900000,0x0000000775600000,0x0000000775600000)
  from space 10240K, 99% used [0x0000000775600000,0x0000000775ffe050,0x0000000776000000)
  to   space 10240K, 0% used [0x000000077dd00000,0x000000077dd00000,0x000000077e700000)
 ParOldGen       total 169472K, used 5175K [0x00000006c8a00000, 0x00000006d2f80000, 0x000000076d900000)
  object space 169472K, 3% used [0x00000006c8a00000,0x00000006c8f0dfd0,0x00000006d2f80000)
 Metaspace       used 19605K, capacity 19998K, committed 20224K, reserved 1067008K
  class space    used 2325K, capacity 2480K, committed 2560K, reserved 1048576K
Event: 7.615 GC heap after
Heap after GC invocations=4 (full 0):
 PSYoungGen      total 266240K, used 10232K [0x000000076d900000, 0x000000077e700000, 0x00000007c0000000)
  eden space 256000K, 0% used [0x000000076d900000,0x000000076d900000,0x000000077d300000)
  from space 10240K, 99% used [0x000000077dd00000,0x000000077e6fe030,0x000000077e700000)
  to   space 10240K, 0% used [0x000000077d300000,0x000000077d300000,0x000000077dd00000)
 ParOldGen       total 169472K, used 17616K [0x00000006c8a00000, 0x00000006d2f80000, 0x000000076d900000)
  object space 169472K, 10% used [0x00000006c8a00000,0x00000006c9b34078,0x00000006d2f80000)
 Metaspace       used 19605K, capacity 19998K, committed 20224K, reserved 1067008K
  class space    used 2325K, capacity 2480K, committed 2560K, reserved 1048576K
}

